<?xml version="1.0" encoding="UTF-8"?>
<coverage generated="1615289743">
  <project timestamp="1615289743">
    <file name="/media/rame0/Storage/projects/yandex-market-object/lib/Generators/YandexMarket/Category.php">
      <class name="rame0\Generators\YandexMarket\Category" namespace="global">
        <metrics complexity="6" methods="2" coveredmethods="1" conditionals="0" coveredconditionals="0"
                 statements="16" coveredstatements="14" elements="18" coveredelements="15"/>
      </class>
      <line num="30" type="method" name="__construct" visibility="public" complexity="3" crap="3.14" count="1"/>
      <line num="32" type="stmt" count="1"/>
      <line num="33" type="stmt" count="0"/>
      <line num="35" type="stmt" count="1"/>
      <line num="38" type="stmt" count="1"/>
      <line num="39" type="stmt" count="0"/>
      <line num="41" type="stmt" count="1"/>
      <line num="44" type="stmt" count="1"/>
      <line num="45" type="stmt" count="1"/>
      <line num="50" type="method" name="writeToDoc" visibility="public" complexity="3" crap="3" count="1"/>
      <line num="52" type="stmt" count="1"/>
      <line num="53" type="stmt" count="1"/>
      <line num="54" type="stmt" count="1"/>
      <line num="55" type="stmt" count="1"/>
      <line num="57" type="stmt" count="1"/>
      <line num="58" type="stmt" count="1"/>
      <line num="59" type="stmt" count="1"/>
      <line num="60" type="stmt" count="1"/>
      <line num="61" type="stmt" count="1"/>
      <metrics loc="60" ncloc="40" classes="1" methods="2" coveredmethods="1" conditionals="0"
               coveredconditionals="0" statements="16" coveredstatements="14" elements="18" coveredelements="15"/>
    </file>
    <file name="/media/rame0/Storage/projects/yandex-market-object/lib/Generators/YandexMarket/Currency.php">
      <class name="rame0\Generators\YandexMarket\Currency" namespace="global">
        <metrics complexity="2" methods="2" coveredmethods="0" conditionals="0" coveredconditionals="0"
                 statements="8" coveredstatements="0" elements="10" coveredelements="0"/>
      </class>
      <line num="24" type="method" name="__construct" visibility="public" complexity="1" crap="2" count="0"/>
      <line num="26" type="stmt" count="0"/>
      <line num="27" type="stmt" count="0"/>
      <line num="32" type="method" name="writeToDoc" visibility="public" complexity="1" crap="2" count="0"/>
      <line num="34" type="stmt" count="0"/>
      <line num="35" type="stmt" count="0"/>
      <line num="36" type="stmt" count="0"/>
      <line num="37" type="stmt" count="0"/>
      <line num="38" type="stmt" count="0"/>
      <line num="39" type="stmt" count="0"/>
      <line num="40" type="stmt" count="0"/>
      <metrics loc="39" ncloc="28" classes="1" methods="2" coveredmethods="0" conditionals="0"
               coveredconditionals="0" statements="8" coveredstatements="0" elements="10" coveredelements="0"/>
    </file>
    <file name="/media/rame0/Storage/projects/yandex-market-object/lib/Generators/YandexMarket/Item.php">
      <class name="rame0\Generators\YandexMarket\Item" namespace="global">
        <metrics complexity="1" methods="1" coveredmethods="0" conditionals="0" coveredconditionals="0"
                 statements="1" coveredstatements="0" elements="2" coveredelements="0"/>
      </class>
      <line num="16" type="method" name="getId" visibility="public" complexity="1" crap="2" count="0"/>
      <line num="18" type="stmt" count="0"/>
      <line num="25" type="stmt" count="0"/>
      <metrics loc="24" ncloc="16" classes="1" methods="1" coveredmethods="0" conditionals="0"
               coveredconditionals="0" statements="1" coveredstatements="0" elements="2" coveredelements="0"/>
    </file>
    <file name="/media/rame0/Storage/projects/yandex-market-object/lib/Generators/YandexMarket/Offer.php">
      <class name="rame0\Generators\YandexMarket\Offer" namespace="global">
        <metrics complexity="34" methods="7" coveredmethods="2" conditionals="0" coveredconditionals="0"
                 statements="60" coveredstatements="30" elements="67" coveredelements="32"/>
      </class>
      <line num="61" type="method" name="__construct" visibility="public" complexity="1" crap="1" count="2"/>
      <line num="63" type="stmt" count="2"/>
      <line num="64" type="stmt" count="2"/>
      <line num="65" type="stmt" count="2"/>
      <line num="66" type="stmt" count="2"/>
      <line num="73" type="method" name="__set" visibility="public" complexity="6" crap="42" count="0"/>
      <line num="75" type="stmt" count="0"/>
      <line num="76" type="stmt" count="0"/>
      <line num="77" type="stmt" count="0"/>
      <line num="78" type="stmt" count="0"/>
      <line num="79" type="stmt" count="0"/>
      <line num="80" type="stmt" count="0"/>
      <line num="81" type="stmt" count="0"/>
      <line num="82" type="stmt" count="0"/>
      <line num="84" type="stmt" count="0"/>
      <line num="86" type="stmt" count="0"/>
      <line num="93" type="method" name="__get" visibility="public" complexity="4" crap="20" count="0"/>
      <line num="95" type="stmt" count="0"/>
      <line num="96" type="stmt" count="0"/>
      <line num="97" type="stmt" count="0"/>
      <line num="98" type="stmt" count="0"/>
      <line num="99" type="stmt" count="0"/>
      <line num="100" type="stmt" count="0"/>
      <line num="102" type="stmt" count="0"/>
      <line num="111" type="method" name="addParam" visibility="public" complexity="1" crap="2" count="0"/>
      <line num="113" type="stmt" count="0"/>
      <line num="114" type="stmt" count="0"/>
      <line num="119" type="method" name="writeToDoc" visibility="public" complexity="7" crap="7" count="2"/>
      <line num="121" type="stmt" count="2"/>
      <line num="123" type="stmt" count="2"/>
      <line num="124" type="stmt" count="2"/>
      <line num="125" type="stmt" count="2"/>
      <line num="127" type="stmt" count="2"/>
      <line num="128" type="stmt" count="2"/>
      <line num="129" type="stmt" count="2"/>
      <line num="130" type="stmt" count="2"/>
      <line num="134" type="stmt" count="2"/>
      <line num="135" type="stmt" count="2"/>
      <line num="136" type="stmt" count="2"/>
      <line num="138" type="stmt" count="2"/>
      <line num="140" type="stmt" count="2"/>
      <line num="141" type="stmt" count="2"/>
      <line num="143" type="method" name="writeProps" visibility="protected" complexity="9" crap="10.00" count="2"/>
      <line num="145" type="stmt" count="2"/>
      <line num="146" type="stmt" count="2"/>
      <line num="147" type="stmt" count="2"/>
      <line num="148" type="stmt" count="0"/>
      <line num="149" type="stmt" count="0"/>
      <line num="151" type="stmt" count="2"/>
      <line num="152" type="stmt" count="2"/>
      <line num="153" type="stmt" count="2"/>
      <line num="154" type="stmt" count="0"/>
      <line num="155" type="stmt" count="2"/>
      <line num="156" type="stmt" count="2"/>
      <line num="161" type="stmt" count="2"/>
      <line num="162" type="stmt" count="2"/>
      <line num="168" type="method" name="writeParams" visibility="protected" complexity="6" crap="24.43" count="2"/>
      <line num="170" type="stmt" count="2"/>
      <line num="171" type="stmt" count="0"/>
      <line num="172" type="stmt" count="0"/>
      <line num="173" type="stmt" count="0"/>
      <line num="174" type="stmt" count="0"/>
      <line num="175" type="stmt" count="0"/>
      <line num="176" type="stmt" count="0"/>
      <line num="178" type="stmt" count="0"/>
      <line num="179" type="stmt" count="0"/>
      <line num="183" type="stmt" count="2"/>
      <line num="184" type="stmt" count="1"/>
      <metrics loc="183" ncloc="141" classes="1" methods="7" coveredmethods="2" conditionals="0"
               coveredconditionals="0" statements="60" coveredstatements="30" elements="67" coveredelements="32"/>
    </file>
    <file name="/media/rame0/Storage/projects/yandex-market-object/lib/Generators/YandexMarket/YML.php">
      <class name="rame0\Generators\YandexMarket\YML" namespace="global">
        <metrics complexity="29" methods="20" coveredmethods="8" conditionals="0" coveredconditionals="0"
                 statements="69" coveredstatements="44" elements="89" coveredelements="52"/>
      </class>
      <line num="39" type="method" name="__construct" visibility="public" complexity="1" crap="1" count="4"/>
      <line num="42" type="stmt" count="4"/>
      <line num="43" type="stmt" count="4"/>
      <line num="44" type="stmt" count="4"/>
      <line num="45" type="stmt" count="4"/>
      <line num="46" type="stmt" count="4"/>
      <line num="51" type="method" name="startYML" visibility="public" complexity="5" crap="6.05" count="4"/>
      <line num="53" type="stmt" count="4"/>
      <line num="54" type="stmt" count="4"/>
      <line num="55" type="stmt" count="4"/>
      <line num="56" type="stmt" count="1"/>
      <line num="58" type="stmt" count="4"/>
      <line num="59" type="stmt" count="4"/>
      <line num="60" type="stmt" count="4"/>
      <line num="62" type="stmt" count="4"/>
      <line num="63" type="stmt" count="0"/>
      <line num="65" type="stmt" count="4"/>
      <line num="66" type="stmt" count="4"/>
      <line num="67" type="stmt" count="4"/>
      <line num="68" type="stmt" count="4"/>
      <line num="69" type="stmt" count="4"/>
      <line num="70" type="stmt" count="4"/>
      <line num="71" type="stmt" count="0"/>
      <line num="72" type="stmt" count="0"/>
      <line num="73" type="stmt" count="0"/>
      <line num="74" type="stmt" count="0"/>
      <line num="75" type="stmt" count="0"/>
      <line num="76" type="stmt" count="0"/>
      <line num="78" type="stmt" count="0"/>
      <line num="80" type="stmt" count="4"/>
      <line num="85" type="method" name="endYML" visibility="public" complexity="1" crap="1" count="4"/>
      <line num="87" type="stmt" count="4"/>
      <line num="88" type="stmt" count="4"/>
      <line num="89" type="stmt" count="4"/>
      <line num="91" type="stmt" count="4"/>
      <line num="92" type="stmt" count="4"/>
      <line num="93" type="stmt" count="4"/>
      <line num="98" type="method" name="writeItem" visibility="public" complexity="1" crap="1" count="3"/>
      <line num="100" type="stmt" count="3"/>
      <line num="101" type="stmt" count="3"/>
      <line num="105" type="method" name="flushChunkToFile" visibility="public" complexity="5" crap="5" count="4"/>
      <line num="107" type="stmt" count="4"/>
      <line num="108" type="stmt" count="3"/>
      <line num="110" type="stmt" count="1"/>
      <line num="111" type="stmt" count="1"/>
      <line num="112" type="stmt" count="1"/>
      <line num="113" type="stmt" count="1"/>
      <line num="115" type="stmt" count="1"/>
      <line num="121" type="method" name="flush" visibility="public" complexity="2" crap="2" count="4"/>
      <line num="123" type="stmt" count="4"/>
      <line num="124" type="stmt" count="1"/>
      <line num="126" type="stmt" count="3"/>
      <line num="130" type="method" name="replaceSpecialChars" visibility="public" complexity="1" crap="1"
            count="2"/>
      <line num="132" type="stmt" count="2"/>
      <line num="139" type="method" name="addSpecialChars" visibility="public" complexity="1" crap="2" count="0"/>
      <line num="141" type="stmt" count="0"/>
      <line num="142" type="stmt" count="0"/>
      <line num="143" type="stmt" count="0"/>
      <line num="148" type="method" name="getDate" visibility="public" complexity="1" crap="2" count="0"/>
      <line num="150" type="stmt" count="0"/>
      <line num="156" type="method" name="setDate" visibility="public" complexity="1" crap="1" count="4"/>
      <line num="158" type="stmt" count="4"/>
      <line num="159" type="stmt" count="4"/>
      <line num="164" type="method" name="getDeliveryOptions" visibility="public" complexity="1" crap="2" count="0"/>
      <line num="166" type="stmt" count="0"/>
      <line num="172" type="method" name="addDeliveryOption" visibility="public" complexity="1" crap="2" count="0"/>
      <line num="174" type="stmt" count="0"/>
      <line num="175" type="stmt" count="0"/>
      <line num="180" type="method" name="getOutputFile" visibility="public" complexity="1" crap="2" count="0"/>
      <line num="182" type="stmt" count="0"/>
      <line num="188" type="method" name="setOutputFile" visibility="public" complexity="1" crap="1" count="1"/>
      <line num="190" type="stmt" count="1"/>
      <line num="191" type="stmt" count="1"/>
      <line num="192" type="stmt" count="1"/>
      <line num="197" type="method" name="isIsFileOutput" visibility="public" complexity="1" crap="2" count="0"/>
      <line num="199" type="stmt" count="0"/>
      <line num="205" type="method" name="setIsFileOutput" visibility="public" complexity="1" crap="2" count="0"/>
      <line num="207" type="stmt" count="0"/>
      <line num="208" type="stmt" count="0"/>
      <line num="213" type="method" name="isIsOutputOnTheFly" visibility="public" complexity="1" crap="2" count="0"/>
      <line num="215" type="stmt" count="0"/>
      <line num="221" type="method" name="setIsOutputOnTheFly" visibility="public" complexity="1" crap="2"
            count="0"/>
      <line num="223" type="stmt" count="0"/>
      <line num="224" type="stmt" count="0"/>
      <line num="229" type="method" name="getFlushEvery" visibility="public" complexity="1" crap="2" count="0"/>
      <line num="231" type="stmt" count="0"/>
      <line num="237" type="method" name="setFlushEvery" visibility="public" complexity="1" crap="2" count="0"/>
      <line num="239" type="stmt" count="0"/>
      <line num="240" type="stmt" count="0"/>
      <line num="241" type="stmt" count="1"/>
      <metrics loc="240" ncloc="173" classes="1" methods="20" coveredmethods="8" conditionals="0"
               coveredconditionals="0" statements="69" coveredstatements="44" elements="89" coveredelements="52"/>
    </file>
    <metrics files="5" loc="546" ncloc="398" classes="5" methods="32" coveredmethods="11" conditionals="0"
             coveredconditionals="0" statements="154" coveredstatements="88" elements="186" coveredelements="99"/>
  </project>
</coverage>
